Fri 29 Sep 2023 07:34:22 PM UTC: 
 sudoku.c | 25 +++++++++++++++++++++++++
 1 file changed, 25 insertions(+)
In file included from test.c:5:
sudoku.c: In function ‘get_adj_nodes’:
sudoku.c:61:31: error: expected ‘;’ before ‘if’
   61 |         if(condicion==1) break
      |                               ^
      |                               ;
   62 |         if(n->sudo[i][j]==0)
      |         ~~                     
sudoku.c:54:10: error: unused variable ‘nodoRemp’ [-Werror=unused-variable]
   54 |     Node nodoRemp;
      |          ^~~~~~~~
cc1: all warnings being treated as errors
Compilation failed
ddcd66d
Fri 29 Sep 2023 07:34:44 PM UTC: 
 sudoku.c | 2 +-
 1 file changed, 1 insertion(+), 1 deletion(-)
In file included from test.c:5:
sudoku.c: In function ‘get_adj_nodes’:
sudoku.c:64:22: error: expected ‘;’ before ‘for’
   64 |           condicion=1
      |                      ^
      |                      ;
   65 |           for(int k=1; k<=9; k++)
      |           ~~~         
sudoku.c:54:10: error: unused variable ‘nodoRemp’ [-Werror=unused-variable]
   54 |     Node nodoRemp;
      |          ^~~~~~~~
cc1: all warnings being treated as errors
Compilation failed
5c0fd3e
Fri 29 Sep 2023 07:35:26 PM UTC: 
 sudoku.c | 17 ++++++-----------
 1 file changed, 6 insertions(+), 11 deletions(-)
In file included from test.c:5:
sudoku.c: In function ‘get_adj_nodes’:
sudoku.c:63:24: error: incompatible types when assigning to type ‘Node’ from type ‘Node *’
   63 |             nodoRemp = copy(n)
      |                        ^~~~
sudoku.c:63:31: error: expected ‘;’ before ‘nodoRemp’
   63 |             nodoRemp = copy(n)
      |                               ^
      |                               ;
   64 |             nodoRemp->sudo[i][j] = k
      |             ~~~~~~~~           
sudoku.c:54:10: error: variable ‘nodoRemp’ set but not used [-Werror=unused-but-set-variable]
   54 |     Node nodoRemp;
      |          ^~~~~~~~
cc1: all warnings being treated as errors
Compilation failed
cbae300
Fri 29 Sep 2023 07:35:45 PM UTC: 
 sudoku.c | 2 +-
 1 file changed, 1 insertion(+), 1 deletion(-)
In file included from test.c:5:
sudoku.c: In function ‘get_adj_nodes’:
sudoku.c:63:24: error: incompatible types when assigning to type ‘Node’ from type ‘Node *’
   63 |             nodoRemp = copy(n);
      |                        ^~~~
sudoku.c:64:21: error: invalid type argument of ‘->’ (have ‘Node’)
   64 |             nodoRemp->sudo[i][j] = k
      |                     ^~
sudoku.c:64:37: error: expected ‘;’ before ‘if’
   64 |             nodoRemp->sudo[i][j] = k
      |                                     ^
      |                                     ;
   65 |             if(is_valid(nodoRemp)){
      |             ~~                       
Compilation failed
d311914
Fri 29 Sep 2023 07:36:11 PM UTC: 
 sudoku.c | 4 ++--
 1 file changed, 2 insertions(+), 2 deletions(-)
In file included from test.c:5:
sudoku.c: In function ‘get_adj_nodes’:
sudoku.c:63:24: error: incompatible types when assigning to type ‘Node’ from type ‘Node *’
   63 |             nodoRemp = copy(n);
      |                        ^~~~
sudoku.c:64:21: error: invalid type argument of ‘->’ (have ‘Node’)
   64 |             nodoRemp->sudo[i][j] = k
      |                     ^~
sudoku.c:64:37: error: expected ‘;’ before ‘if’
   64 |             nodoRemp->sudo[i][j] = k
      |                                     ^
      |                                     ;
   65 |             if(is_valid(nodoRemp)){
      |             ~~                       
Compilation failed
af21afd
Fri 29 Sep 2023 07:36:28 PM UTC: 
 sudoku.c | 2 +-
 1 file changed, 1 insertion(+), 1 deletion(-)
In file included from test.c:5:
sudoku.c: In function ‘get_adj_nodes’:
sudoku.c:63:24: error: incompatible types when assigning to type ‘Node’ from type ‘Node *’
   63 |             nodoRemp = copy(n);
      |                        ^~~~
sudoku.c:64:21: error: invalid type argument of ‘->’ (have ‘Node’)
   64 |             nodoRemp->sudo[i][j] = k;
      |                     ^~
sudoku.c:65:25: error: incompatible type for argument 1 of ‘is_valid’
   65 |             if(is_valid(nodoRemp)){
      |                         ^~~~~~~~
      |                         |
      |                         Node
sudoku.c:46:20: note: expected ‘Node *’ but argument is of type ‘Node’
   46 | int is_valid(Node* n){
      |              ~~~~~~^
sudoku.c:66:30: error: incompatible type for argument 2 of ‘pushBack’
   66 |               pushBack(list, nodoRemp);
      |                              ^~~~~~~~
      |                              |
      |                              Node
In file included from test.c:4:
list.h:23:33: note: expected ‘void *’ but argument is of type ‘Node’
   23 | void pushBack(List* list, void* data);
      |                           ~~~~~~^~~~
In file included from test.c:5:
sudoku.c:68:20: error: incompatible type for argument 1 of ‘free’
   68 |               free(nodoRemp);
      |                    ^~~~~~~~
      |                    |
      |                    Node
In file included from test.c:2:
/nix/store/iwd8ic5hhwdxn5dga0im55g5hjl270cd-glibc-2.33-47-dev/include/stdlib.h:565:25: note: expected ‘void *’ but argument is of type ‘Node’
  565 | extern void free (void *__ptr) __THROW;
      |                   ~~~~~~^~~~~
Compilation failed
5c7e52c
Fri 29 Sep 2023 07:37:01 PM UTC: 
 sudoku.c | 2 +-
 1 file changed, 1 insertion(+), 1 deletion(-)
 tests:  0|5
total_score: 0/70
cba6e16
Fri 29 Sep 2023 07:37:25 PM UTC: 
 sudoku.c | 2 +-
 1 file changed, 1 insertion(+), 1 deletion(-)
 tests:  2|4
total_score: 15/70
7eb5cea
Fri 29 Sep 2023 07:57:21 PM UTC: 
 sudoku.c | 40 ++++++++++++++++++++++++++++++++++++++++
 1 file changed, 40 insertions(+)
In file included from test.c:5:
sudoku.c: In function ‘is_valid’:
sudoku.c:55:31: error: expected ‘;’ before ‘}’ token
   55 |                 filas[num] = 1
      |                               ^
      |                               ;
   56 |             }
      |             ~                  
sudoku.c:62:9: error: expected ‘,’ or ‘;’ before ‘for’
   62 |         for(int i=0; i<9; i++){
      |         ^~~
sudoku.c:62:22: error: ‘i’ undeclared (first use in this function)
   62 |         for(int i=0; i<9; i++){
      |                      ^
sudoku.c:62:22: note: each undeclared identifier is reported only once for each function it appears in
sudoku.c:62:30: error: expected ‘;’ before ‘)’ token
   62 |         for(int i=0; i<9; i++){
      |                              ^
      |                              ;
sudoku.c:62:30: error: expected statement before ‘)’ token
sudoku.c:68:29: error: expected ‘;’ before ‘}’ token
   68 |                 col[num] = 1
      |                             ^
      |                             ;
   69 |             }
      |             ~                
sudoku.c:78:17: error: expected ‘,’ or ‘;’ before ‘if’
   78 |                 if(num != 0){
      |                 ^~
sudoku.c:77:21: error: unused variable ‘num’ [-Werror=unused-variable]
   77 |                 int num = n->sudo[i][j]
      |                     ^~~
sudoku.c:74:13: error: unused variable ‘matriz’ [-Werror=unused-variable]
   74 |         int matriz[10] = {0};
      |             ^~~~~~
cc1: all warnings being treated as errors
Compilation failed
aadb909
Fri 29 Sep 2023 07:57:35 PM UTC: 
 sudoku.c | 2 +-
 1 file changed, 1 insertion(+), 1 deletion(-)
In file included from test.c:5:
sudoku.c: In function ‘is_valid’:
sudoku.c:62:9: error: expected ‘,’ or ‘;’ before ‘for’
   62 |         for(int i=0; i<9; i++){
      |         ^~~
sudoku.c:62:22: error: ‘i’ undeclared (first use in this function)
   62 |         for(int i=0; i<9; i++){
      |                      ^
sudoku.c:62:22: note: each undeclared identifier is reported only once for each function it appears in
sudoku.c:62:30: error: expected ‘;’ before ‘)’ token
   62 |         for(int i=0; i<9; i++){
      |                              ^
      |                              ;
sudoku.c:62:30: error: expected statement before ‘)’ token
sudoku.c:68:29: error: expected ‘;’ before ‘}’ token
   68 |                 col[num] = 1
      |                             ^
      |                             ;
   69 |             }
      |             ~                
sudoku.c:78:17: error: expected ‘,’ or ‘;’ before ‘if’
   78 |                 if(num != 0){
      |                 ^~
sudoku.c:77:21: error: unused variable ‘num’ [-Werror=unused-variable]
   77 |                 int num = n->sudo[i][j]
      |                     ^~~
sudoku.c:74:13: error: unused variable ‘matriz’ [-Werror=unused-variable]
   74 |         int matriz[10] = {0};
      |             ^~~~~~
cc1: all warnings being treated as errors
Compilation failed
0bab003
Fri 29 Sep 2023 07:57:46 PM UTC: 
 sudoku.c | 2 +-
 1 file changed, 1 insertion(+), 1 deletion(-)
In file included from test.c:5:
sudoku.c: In function ‘is_valid’:
sudoku.c:68:29: error: expected ‘;’ before ‘}’ token
   68 |                 col[num] = 1
      |                             ^
      |                             ;
   69 |             }
      |             ~                
sudoku.c:78:17: error: expected ‘,’ or ‘;’ before ‘if’
   78 |                 if(num != 0){
      |                 ^~
sudoku.c:77:21: error: unused variable ‘num’ [-Werror=unused-variable]
   77 |                 int num = n->sudo[i][j]
      |                     ^~~
sudoku.c:74:13: error: unused variable ‘matriz’ [-Werror=unused-variable]
   74 |         int matriz[10] = {0};
      |             ^~~~~~
cc1: all warnings being treated as errors
Compilation failed
2fa5936
Fri 29 Sep 2023 07:58:16 PM UTC: 
 sudoku.c | 2 +-
 1 file changed, 1 insertion(+), 1 deletion(-)
In file included from test.c:5:
sudoku.c: In function ‘is_valid’:
sudoku.c:78:17: error: expected ‘,’ or ‘;’ before ‘if’
   78 |                 if(num != 0){
      |                 ^~
sudoku.c:77:21: error: unused variable ‘num’ [-Werror=unused-variable]
   77 |                 int num = n->sudo[i][j]
      |                     ^~~
sudoku.c:74:13: error: unused variable ‘matriz’ [-Werror=unused-variable]
   74 |         int matriz[10] = {0};
      |             ^~~~~~
cc1: all warnings being treated as errors
Compilation failed
5ef589c
Fri 29 Sep 2023 07:58:28 PM UTC: 
 sudoku.c | 4 ++--
 1 file changed, 2 insertions(+), 2 deletions(-)
In file included from test.c:5:
sudoku.c: In function ‘is_valid’:
sudoku.c:80:33: error: expected ‘;’ before ‘}’ token
   80 |                         return 0
      |                                 ^
      |                                 ;
   81 |                     }
      |                     ~            
Compilation failed
1052faa
Fri 29 Sep 2023 07:58:53 PM UTC: 
 sudoku.c | 2 +-
 1 file changed, 1 insertion(+), 1 deletion(-)
 tests:  0|5
total_score: 0/70
43203c1
